C:\USERS\VESH\DOWNLOADS\PUTTY-SRC\WINDOWS\MSVC\PUTTY\DEBUG\WINDEFS.OBJ
C:\USERS\VESH\DOWNLOADS\PUTTY-SRC\WINDOWS\MSVC\PUTTY\DEBUG\WINDLG.OBJ
C:\USERS\VESH\DOWNLOADS\PUTTY-SRC\WINDOWS\MSVC\PUTTY\DEBUG\WINDOW.OBJ
C:\USERS\VESH\DOWNLOADS\PUTTY-SRC\WINDOWS\MSVC\PUTTY\DEBUG\WINGSS.OBJ
C:\USERS\VESH\DOWNLOADS\PUTTY-SRC\WINDOWS\MSVC\PUTTY\DEBUG\WINHANDL.OBJ
C:\USERS\VESH\DOWNLOADS\PUTTY-SRC\WINDOWS\MSVC\PUTTY\DEBUG\WINHELP.OBJ
C:\USERS\VESH\DOWNLOADS\PUTTY-SRC\WINDOWS\MSVC\PUTTY\DEBUG\WINJUMP.OBJ
C:\USERS\VESH\DOWNLOADS\PUTTY-SRC\WINDOWS\MSVC\PUTTY\DEBUG\WINMISC.OBJ
C:\USERS\VESH\DOWNLOADS\PUTTY-SRC\WINDOWS\MSVC\PUTTY\DEBUG\WINNET.OBJ
C:\USERS\VESH\DOWNLOADS\PUTTY-SRC\WINDOWS\MSVC\PUTTY\DEBUG\WINNOISE.OBJ
C:\USERS\VESH\DOWNLOADS\PUTTY-SRC\WINDOWS\MSVC\PUTTY\DEBUG\WINPGNTC.OBJ
C:\USERS\VESH\DOWNLOADS\PUTTY-SRC\WINDOWS\MSVC\PUTTY\DEBUG\WINPRINT.OBJ
C:\USERS\VESH\DOWNLOADS\PUTTY-SRC\WINDOWS\MSVC\PUTTY\DEBUG\WINPROXY.OBJ
C:\USERS\VESH\DOWNLOADS\PUTTY-SRC\WINDOWS\MSVC\PUTTY\DEBUG\WINSER.OBJ
C:\USERS\VESH\DOWNLOADS\PUTTY-SRC\WINDOWS\MSVC\PUTTY\DEBUG\WINSTORE.OBJ
C:\USERS\VESH\DOWNLOADS\PUTTY-SRC\WINDOWS\MSVC\PUTTY\DEBUG\WINTIME.OBJ
C:\USERS\VESH\DOWNLOADS\PUTTY-SRC\WINDOWS\MSVC\PUTTY\DEBUG\WINUCS.OBJ
C:\USERS\VESH\DOWNLOADS\PUTTY-SRC\WINDOWS\MSVC\PUTTY\DEBUG\WINUTILS.OBJ
C:\USERS\VESH\DOWNLOADS\PUTTY-SRC\WINDOWS\MSVC\PUTTY\DEBUG\WINX11.OBJ
C:\USERS\VESH\DOWNLOADS\PUTTY-SRC\WINDOWS\MSVC\PUTTY\DEBUG\X11FWD.OBJ
C:\USERS\VESH\DOWNLOADS\PUTTY-SRC\WINDOWS\MSVC\PUTTY\DEBUG\SSHDSS.OBJ
C:\USERS\VESH\DOWNLOADS\PUTTY-SRC\WINDOWS\MSVC\PUTTY\DEBUG\SSHGSSC.OBJ
C:\USERS\VESH\DOWNLOADS\PUTTY-SRC\WINDOWS\MSVC\PUTTY\DEBUG\SSHMD5.OBJ
C:\USERS\VESH\DOWNLOADS\PUTTY-SRC\WINDOWS\MSVC\PUTTY\DEBUG\SSHPUBK.OBJ
C:\USERS\VESH\DOWNLOADS\PUTTY-SRC\WINDOWS\MSVC\PUTTY\DEBUG\SSHRAND.OBJ
C:\USERS\VESH\DOWNLOADS\PUTTY-SRC\WINDOWS\MSVC\PUTTY\DEBUG\SSHRSA.OBJ
C:\USERS\VESH\DOWNLOADS\PUTTY-SRC\WINDOWS\MSVC\PUTTY\DEBUG\SSHSH256.OBJ
C:\USERS\VESH\DOWNLOADS\PUTTY-SRC\WINDOWS\MSVC\PUTTY\DEBUG\SSHSH512.OBJ
C:\USERS\VESH\DOWNLOADS\PUTTY-SRC\WINDOWS\MSVC\PUTTY\DEBUG\SSHSHA.OBJ
C:\USERS\VESH\DOWNLOADS\PUTTY-SRC\WINDOWS\MSVC\PUTTY\DEBUG\SSHZLIB.OBJ
C:\USERS\VESH\DOWNLOADS\PUTTY-SRC\WINDOWS\MSVC\PUTTY\DEBUG\TELNET.OBJ
C:\USERS\VESH\DOWNLOADS\PUTTY-SRC\WINDOWS\MSVC\PUTTY\DEBUG\TERMINAL.OBJ
C:\USERS\VESH\DOWNLOADS\PUTTY-SRC\WINDOWS\MSVC\PUTTY\DEBUG\TIMING.OBJ
C:\USERS\VESH\DOWNLOADS\PUTTY-SRC\WINDOWS\MSVC\PUTTY\DEBUG\TREE234.OBJ
C:\USERS\VESH\DOWNLOADS\PUTTY-SRC\WINDOWS\MSVC\PUTTY\DEBUG\VERSION.OBJ
C:\USERS\VESH\DOWNLOADS\PUTTY-SRC\WINDOWS\MSVC\PUTTY\DEBUG\WCWIDTH.OBJ
C:\USERS\VESH\DOWNLOADS\PUTTY-SRC\WINDOWS\MSVC\PUTTY\DEBUG\WILDCARD.OBJ
C:\USERS\VESH\DOWNLOADS\PUTTY-SRC\WINDOWS\MSVC\PUTTY\DEBUG\SIZETIP.OBJ
C:\USERS\VESH\DOWNLOADS\PUTTY-SRC\WINDOWS\MSVC\PUTTY\DEBUG\WINCFG.OBJ
C:\USERS\VESH\DOWNLOADS\PUTTY-SRC\WINDOWS\MSVC\PUTTY\DEBUG\WINCTRLS.OBJ
C:\USERS\VESH\DOWNLOADS\PUTTY-SRC\WINDOWS\MSVC\PUTTY\DEBUG\LDISCUCS.OBJ
C:\USERS\VESH\DOWNLOADS\PUTTY-SRC\WINDOWS\MSVC\PUTTY\DEBUG\LOGGING.OBJ
C:\USERS\VESH\DOWNLOADS\PUTTY-SRC\WINDOWS\MSVC\PUTTY\DEBUG\MINIBIDI.OBJ
C:\USERS\VESH\DOWNLOADS\PUTTY-SRC\WINDOWS\MSVC\PUTTY\DEBUG\MISC.OBJ
C:\USERS\VESH\DOWNLOADS\PUTTY-SRC\WINDOWS\MSVC\PUTTY\DEBUG\PGSSAPI.OBJ
C:\USERS\VESH\DOWNLOADS\PUTTY-SRC\WINDOWS\MSVC\PUTTY\DEBUG\PINGER.OBJ
C:\USERS\VESH\DOWNLOADS\PUTTY-SRC\WINDOWS\MSVC\PUTTY\DEBUG\PORTFWD.OBJ
C:\USERS\VESH\DOWNLOADS\PUTTY-SRC\WINDOWS\MSVC\PUTTY\DEBUG\PROXY.OBJ
C:\USERS\VESH\DOWNLOADS\PUTTY-SRC\WINDOWS\MSVC\PUTTY\DEBUG\RAW.OBJ
C:\USERS\VESH\DOWNLOADS\PUTTY-SRC\WINDOWS\MSVC\PUTTY\DEBUG\RLOGIN.OBJ
C:\USERS\VESH\DOWNLOADS\PUTTY-SRC\WINDOWS\MSVC\PUTTY\DEBUG\SERCFG.OBJ
C:\USERS\VESH\DOWNLOADS\PUTTY-SRC\WINDOWS\MSVC\PUTTY\DEBUG\SETTINGS.OBJ
C:\USERS\VESH\DOWNLOADS\PUTTY-SRC\WINDOWS\MSVC\PUTTY\DEBUG\SSHAES.OBJ
C:\USERS\VESH\DOWNLOADS\PUTTY-SRC\WINDOWS\MSVC\PUTTY\DEBUG\SSHARCF.OBJ
C:\USERS\VESH\DOWNLOADS\PUTTY-SRC\WINDOWS\MSVC\PUTTY\DEBUG\SSHBLOWF.OBJ
C:\USERS\VESH\DOWNLOADS\PUTTY-SRC\WINDOWS\MSVC\PUTTY\DEBUG\SSHBN.OBJ
C:\USERS\VESH\DOWNLOADS\PUTTY-SRC\WINDOWS\MSVC\PUTTY\DEBUG\SSHCRC.OBJ
C:\USERS\VESH\DOWNLOADS\PUTTY-SRC\WINDOWS\MSVC\PUTTY\DEBUG\SSHCRCDA.OBJ
C:\USERS\VESH\DOWNLOADS\PUTTY-SRC\WINDOWS\MSVC\PUTTY\DEBUG\SSHDES.OBJ
C:\USERS\VESH\DOWNLOADS\PUTTY-SRC\WINDOWS\MSVC\PUTTY\DEBUG\SSHDH.OBJ
C:\USERS\VESH\DOWNLOADS\PUTTY-SRC\WINDOWS\MSVC\PUTTY\DEBUG\BE_ALL_S.OBJ
C:\USERS\VESH\DOWNLOADS\PUTTY-SRC\WINDOWS\MSVC\PUTTY\DEBUG\CMDLINE.OBJ
C:\USERS\VESH\DOWNLOADS\PUTTY-SRC\WINDOWS\MSVC\PUTTY\DEBUG\CONF.OBJ
C:\USERS\VESH\DOWNLOADS\PUTTY-SRC\WINDOWS\MSVC\PUTTY\DEBUG\CONFIG.OBJ
C:\USERS\VESH\DOWNLOADS\PUTTY-SRC\WINDOWS\MSVC\PUTTY\DEBUG\CPROXY.OBJ
C:\USERS\VESH\DOWNLOADS\PUTTY-SRC\WINDOWS\MSVC\PUTTY\DEBUG\DIALOG.OBJ
C:\USERS\VESH\DOWNLOADS\PUTTY-SRC\WINDOWS\MSVC\PUTTY\DEBUG\LDISC.OBJ
C:\USERS\VESH\DOWNLOADS\PUTTY-SRC\WINDOWS\MSVC\PUTTY\DEBUG\VC110.PDB
C:\USERS\VESH\DOWNLOADS\PUTTY-SRC\WINDOWS\MSVC\PUTTY\DEBUG\SSH.OBJ
C:\USERS\VESH\DOWNLOADS\PUTTY-SRC\WINDOWS\MSVC\PUTTY\DEBUG\PUTTY.ILK
C:\USERS\VESH\DOWNLOADS\PUTTY-SRC\WINDOWS\MSVC\PUTTY\DEBUG\PUTTY.EXE
C:\USERS\VESH\DOWNLOADS\PUTTY-SRC\WINDOWS\MSVC\PUTTY\DEBUG\PUTTY.PDB
C:\USERS\VESH\DOWNLOADS\PUTTY-SRC\WINDOWS\MSVC\PUTTY\DEBUG\PUTTY.RES
C:\Users\vesh\Downloads\putty-src\WINDOWS\MSVC\PUTTY\Debug\be_all_s.obj
C:\Users\vesh\Downloads\putty-src\WINDOWS\MSVC\PUTTY\Debug\cmdline.obj
C:\Users\vesh\Downloads\putty-src\WINDOWS\MSVC\PUTTY\Debug\conf.obj
C:\Users\vesh\Downloads\putty-src\WINDOWS\MSVC\PUTTY\Debug\config.obj
C:\Users\vesh\Downloads\putty-src\WINDOWS\MSVC\PUTTY\Debug\cproxy.obj
C:\Users\vesh\Downloads\putty-src\WINDOWS\MSVC\PUTTY\Debug\dialog.obj
C:\Users\vesh\Downloads\putty-src\WINDOWS\MSVC\PUTTY\Debug\ldisc.obj
C:\Users\vesh\Downloads\putty-src\WINDOWS\MSVC\PUTTY\Debug\ldiscucs.obj
C:\Users\vesh\Downloads\putty-src\WINDOWS\MSVC\PUTTY\Debug\logging.obj
C:\Users\vesh\Downloads\putty-src\WINDOWS\MSVC\PUTTY\Debug\minibidi.obj
C:\Users\vesh\Downloads\putty-src\WINDOWS\MSVC\PUTTY\Debug\misc.obj
C:\Users\vesh\Downloads\putty-src\WINDOWS\MSVC\PUTTY\Debug\pgssapi.obj
C:\Users\vesh\Downloads\putty-src\WINDOWS\MSVC\PUTTY\Debug\pinger.obj
C:\Users\vesh\Downloads\putty-src\WINDOWS\MSVC\PUTTY\Debug\portfwd.obj
C:\Users\vesh\Downloads\putty-src\WINDOWS\MSVC\PUTTY\Debug\proxy.obj
C:\Users\vesh\Downloads\putty-src\WINDOWS\MSVC\PUTTY\Debug\raw.obj
C:\Users\vesh\Downloads\putty-src\WINDOWS\MSVC\PUTTY\Debug\rlogin.obj
C:\Users\vesh\Downloads\putty-src\WINDOWS\MSVC\PUTTY\Debug\sercfg.obj
C:\Users\vesh\Downloads\putty-src\WINDOWS\MSVC\PUTTY\Debug\settings.obj
C:\Users\vesh\Downloads\putty-src\WINDOWS\MSVC\PUTTY\Debug\sizetip.obj
C:\Users\vesh\Downloads\putty-src\WINDOWS\MSVC\PUTTY\Debug\ssh.obj
C:\Users\vesh\Downloads\putty-src\WINDOWS\MSVC\PUTTY\Debug\sshaes.obj
C:\Users\vesh\Downloads\putty-src\WINDOWS\MSVC\PUTTY\Debug\ssharcf.obj
C:\Users\vesh\Downloads\putty-src\WINDOWS\MSVC\PUTTY\Debug\sshblowf.obj
C:\Users\vesh\Downloads\putty-src\WINDOWS\MSVC\PUTTY\Debug\sshbn.obj
C:\Users\vesh\Downloads\putty-src\WINDOWS\MSVC\PUTTY\Debug\sshcrc.obj
C:\Users\vesh\Downloads\putty-src\WINDOWS\MSVC\PUTTY\Debug\sshcrcda.obj
C:\Users\vesh\Downloads\putty-src\WINDOWS\MSVC\PUTTY\Debug\sshdes.obj
C:\Users\vesh\Downloads\putty-src\WINDOWS\MSVC\PUTTY\Debug\sshdh.obj
C:\Users\vesh\Downloads\putty-src\WINDOWS\MSVC\PUTTY\Debug\sshdss.obj
C:\Users\vesh\Downloads\putty-src\WINDOWS\MSVC\PUTTY\Debug\sshgssc.obj
C:\Users\vesh\Downloads\putty-src\WINDOWS\MSVC\PUTTY\Debug\sshmd5.obj
C:\Users\vesh\Downloads\putty-src\WINDOWS\MSVC\PUTTY\Debug\sshpubk.obj
C:\Users\vesh\Downloads\putty-src\WINDOWS\MSVC\PUTTY\Debug\sshrand.obj
C:\Users\vesh\Downloads\putty-src\WINDOWS\MSVC\PUTTY\Debug\sshrsa.obj
C:\Users\vesh\Downloads\putty-src\WINDOWS\MSVC\PUTTY\Debug\sshsh256.obj
C:\Users\vesh\Downloads\putty-src\WINDOWS\MSVC\PUTTY\Debug\sshsh512.obj
C:\Users\vesh\Downloads\putty-src\WINDOWS\MSVC\PUTTY\Debug\sshsha.obj
C:\Users\vesh\Downloads\putty-src\WINDOWS\MSVC\PUTTY\Debug\sshzlib.obj
C:\Users\vesh\Downloads\putty-src\WINDOWS\MSVC\PUTTY\Debug\telnet.obj
C:\Users\vesh\Downloads\putty-src\WINDOWS\MSVC\PUTTY\Debug\terminal.obj
C:\Users\vesh\Downloads\putty-src\WINDOWS\MSVC\PUTTY\Debug\timing.obj
C:\Users\vesh\Downloads\putty-src\WINDOWS\MSVC\PUTTY\Debug\tree234.obj
C:\Users\vesh\Downloads\putty-src\WINDOWS\MSVC\PUTTY\Debug\version.obj
C:\Users\vesh\Downloads\putty-src\WINDOWS\MSVC\PUTTY\Debug\wcwidth.obj
C:\Users\vesh\Downloads\putty-src\WINDOWS\MSVC\PUTTY\Debug\wildcard.obj
C:\Users\vesh\Downloads\putty-src\WINDOWS\MSVC\PUTTY\Debug\wincfg.obj
C:\Users\vesh\Downloads\putty-src\WINDOWS\MSVC\PUTTY\Debug\winctrls.obj
C:\Users\vesh\Downloads\putty-src\WINDOWS\MSVC\PUTTY\Debug\windefs.obj
C:\Users\vesh\Downloads\putty-src\WINDOWS\MSVC\PUTTY\Debug\windlg.obj
C:\Users\vesh\Downloads\putty-src\WINDOWS\MSVC\PUTTY\Debug\window.obj
C:\Users\vesh\Downloads\putty-src\WINDOWS\MSVC\PUTTY\Debug\wingss.obj
C:\Users\vesh\Downloads\putty-src\WINDOWS\MSVC\PUTTY\Debug\winhandl.obj
C:\Users\vesh\Downloads\putty-src\WINDOWS\MSVC\PUTTY\Debug\winhelp.obj
C:\Users\vesh\Downloads\putty-src\WINDOWS\MSVC\PUTTY\Debug\winjump.obj
C:\Users\vesh\Downloads\putty-src\WINDOWS\MSVC\PUTTY\Debug\winmisc.obj
C:\Users\vesh\Downloads\putty-src\WINDOWS\MSVC\PUTTY\Debug\winnet.obj
C:\Users\vesh\Downloads\putty-src\WINDOWS\MSVC\PUTTY\Debug\winnoise.obj
C:\Users\vesh\Downloads\putty-src\WINDOWS\MSVC\PUTTY\Debug\winpgntc.obj
C:\Users\vesh\Downloads\putty-src\WINDOWS\MSVC\PUTTY\Debug\winprint.obj
C:\Users\vesh\Downloads\putty-src\WINDOWS\MSVC\PUTTY\Debug\winproxy.obj
C:\Users\vesh\Downloads\putty-src\WINDOWS\MSVC\PUTTY\Debug\winser.obj
C:\Users\vesh\Downloads\putty-src\WINDOWS\MSVC\PUTTY\Debug\winstore.obj
C:\Users\vesh\Downloads\putty-src\WINDOWS\MSVC\PUTTY\Debug\wintime.obj
C:\Users\vesh\Downloads\putty-src\WINDOWS\MSVC\PUTTY\Debug\winucs.obj
C:\Users\vesh\Downloads\putty-src\WINDOWS\MSVC\PUTTY\Debug\winutils.obj
C:\Users\vesh\Downloads\putty-src\WINDOWS\MSVC\PUTTY\Debug\winx11.obj
C:\Users\vesh\Downloads\putty-src\WINDOWS\MSVC\PUTTY\Debug\x11fwd.obj
C:\Users\vesh\Downloads\putty-src\WINDOWS\MSVC\PUTTY\Debug\putty.ilk
C:\Users\vesh\Downloads\putty-src\WINDOWS\MSVC\PUTTY\Debug\cl.command.1.tlog
C:\Users\vesh\Downloads\putty-src\WINDOWS\MSVC\PUTTY\Debug\CL.read.1.tlog
C:\Users\vesh\Downloads\putty-src\WINDOWS\MSVC\PUTTY\Debug\CL.write.1.tlog
C:\Users\vesh\Downloads\putty-src\WINDOWS\MSVC\PUTTY\Debug\link-cvtres.read.1.tlog
C:\Users\vesh\Downloads\putty-src\WINDOWS\MSVC\PUTTY\Debug\link-cvtres.write.1.tlog
C:\Users\vesh\Downloads\putty-src\WINDOWS\MSVC\PUTTY\Debug\link-rc.read.1.tlog
C:\Users\vesh\Downloads\putty-src\WINDOWS\MSVC\PUTTY\Debug\link-rc.write.1.tlog
C:\Users\vesh\Downloads\putty-src\WINDOWS\MSVC\PUTTY\Debug\link.command.1.tlog
C:\Users\vesh\Downloads\putty-src\WINDOWS\MSVC\PUTTY\Debug\link.read.1.tlog
C:\Users\vesh\Downloads\putty-src\WINDOWS\MSVC\PUTTY\Debug\link.write.1.tlog
C:\Users\vesh\Downloads\putty-src\WINDOWS\MSVC\PUTTY\Debug\rc.command.1.tlog
C:\Users\vesh\Downloads\putty-src\WINDOWS\MSVC\PUTTY\Debug\rc.read.1.tlog
C:\Users\vesh\Downloads\putty-src\WINDOWS\MSVC\PUTTY\Debug\rc.write.1.tlog
C:\Users\vesh\Downloads\putty-src\WINDOWS\MSVC\PUTTY\Debug\putty.res
C:\Users\vesh\Downloads\putty-src\WINDOWS\MSVC\PUTTY\Debug\vc110.idb
C:\Users\vesh\Downloads\putty-src\WINDOWS\MSVC\PUTTY\Debug\putty.pdb
C:\Users\vesh\Downloads\putty-src\WINDOWS\MSVC\PUTTY\Debug\vc110.pdb
C:\Users\vesh\Downloads\putty-src\WINDOWS\MSVC\PUTTY\.\Debug\putty.exe
